1668745375811	geckodriver	INFO	Listening on 127.0.0.1:57939
1668745378855	mozrunner::runner	INFO	Running command: "C:\\Program Files\\Mozilla Firefox\\firefox.exe" "--marionette" "--remote-debugging-port" "57940" "--remote-allow-hosts" "localhost" "-no-remote" "-profile" "C:\\Users\\Alex\\AppData\\Local\\Temp\\rust_mozprofiletjV0yF"
1668745379331	Marionette	INFO	Marionette enabled
console.warn: SearchSettings: "get: No settings file exists, new profile?" (new NotFoundError("Could not open the file at C:\\Users\\Alex\\AppData\\Local\\Temp\\rust_mozprofiletjV0yF\\search.json.mozlz4", (void 0)))
DevTools listening on ws://localhost:57940/devtools/browser/9b78e30a-e6b5-4537-a0de-2ece4b1561fb
1668745380909	Marionette	INFO	Listening on port 57946
1668745381025	RemoteAgent	WARN	TLS certificate errors will be ignored for this session
1668745382249	Marionette	WARN	Ignoring event 'DOMContentLoaded' because document has an invalid readyState of 'complete'.
1668745384641	Marionette	INFO	Stopped listening on port 57946
JavaScript error: https://www.youtube.com/s/desktop/52707237/jsbin/spf.vflset/spf.js, line 30: NS_ERROR_NOT_INITIALIZED: 

###!!! [Parent][RunMessage] Error: Channel closing: too late to send/recv, messages will be lost


###!!! [Parent][RunMessage] Error: Channel closing: too late to send/recv, messages will be lost


###!!! [Parent][RunMessage] Error: Channel closing: too late to send/recv, messages will be lost


###!!! [Parent][RunMessage] Error: Channel closing: too late to send/recv, messages will be lost

1668745416694	geckodriver	INFO	Listening on 127.0.0.1:58057
1668745419737	mozrunner::runner	INFO	Running command: "C:\\Program Files\\Mozilla Firefox\\firefox.exe" "--marionette" "--remote-debugging-port" "58058" "--remote-allow-hosts" "localhost" "-no-remote" "-profile" "C:\\Users\\Alex\\AppData\\Local\\Temp\\rust_mozprofileUagQX7"
1668745419960	Marionette	INFO	Marionette enabled
console.warn: SearchSettings: "get: No settings file exists, new profile?" (new NotFoundError("Could not open the file at C:\\Users\\Alex\\AppData\\Local\\Temp\\rust_mozprofileUagQX7\\search.json.mozlz4", (void 0)))
DevTools listening on ws://localhost:58058/devtools/browser/e531e147-2ec8-4fc0-9681-1f99a0b90377
1668745421492	Marionette	INFO	Listening on port 58063
1668745421780	RemoteAgent	WARN	TLS certificate errors will be ignored for this session
1668745423622	Marionette	WARN	Ignoring event 'DOMContentLoaded' because document has an invalid readyState of 'complete'.
1668745424972	Marionette	INFO	Stopped listening on port 58063

###!!! [Parent][RunMessage] Error: Channel closing: too late to send/recv, messages will be lost

1668745449788	geckodriver	INFO	Listening on 127.0.0.1:58150
1668745452845	mozrunner::runner	INFO	Running command: "C:\\Program Files\\Mozilla Firefox\\firefox.exe" "--marionette" "--remote-debugging-port" "58151" "--remote-allow-hosts" "localhost" "-no-remote" "-profile" "C:\\Users\\Alex\\AppData\\Local\\Temp\\rust_mozprofilekLMi83"
1668745453061	Marionette	INFO	Marionette enabled
console.warn: SearchSettings: "get: No settings file exists, new profile?" (new NotFoundError("Could not open the file at C:\\Users\\Alex\\AppData\\Local\\Temp\\rust_mozprofilekLMi83\\search.json.mozlz4", (void 0)))
DevTools listening on ws://localhost:58151/devtools/browser/255261a6-577f-437d-9633-ec75b41020b6
1668745454643	Marionette	INFO	Listening on port 58156
1668745454893	RemoteAgent	WARN	TLS certificate errors will be ignored for this session
1668745456488	Marionette	WARN	Ignoring event 'DOMContentLoaded' because document has an invalid readyState of 'complete'.
JavaScript error: resource:///modules/FaviconLoader.jsm, line 596: InvalidStateError: JSWindowActorChild.sendAsyncMessage: JSWindowActorChild cannot send at the moment
JavaScript error: resource:///modules/FaviconLoader.jsm, line 596: InvalidStateError: JSWindowActorChild.sendAsyncMessage: JSWindowActorChild cannot send at the moment
1668745458208	Marionette	INFO	Stopped listening on port 58156
JavaScript error: chrome://remote/content/marionette/cert.js, line 55: NS_ERROR_NOT_AVAILABLE: Component returned failure code: 0x80040111 (NS_ERROR_NOT_AVAILABLE) [nsICertOverrideService.setDisableAllSecurityChecksAndLetAttackersInterceptMyData]
1668745752299	geckodriver	INFO	Listening on 127.0.0.1:59394
1668745755337	mozrunner::runner	INFO	Running command: "C:\\Program Files\\Mozilla Firefox\\firefox.exe" "--marionette" "--remote-debugging-port" "59395" "--remote-allow-hosts" "localhost" "-no-remote" "-profile" "C:\\Users\\Alex\\AppData\\Local\\Temp\\rust_mozprofile7BDp8e"
1668745755560	Marionette	INFO	Marionette enabled
console.warn: SearchSettings: "get: No settings file exists, new profile?" (new NotFoundError("Could not open the file at C:\\Users\\Alex\\AppData\\Local\\Temp\\rust_mozprofile7BDp8e\\search.json.mozlz4", (void 0)))
DevTools listening on ws://localhost:59395/devtools/browser/dfcd7197-5e97-433f-8dd3-991c1fdd2c60
1668745757028	Marionette	INFO	Listening on port 59400
1668745757382	RemoteAgent	WARN	TLS certificate errors will be ignored for this session
1668745758665	Marionette	WARN	Ignoring event 'DOMContentLoaded' because document has an invalid readyState of 'complete'.
[Child 17020, MediaDecoderStateMachine #1] WARNING: Decoder=137bcf56400 state=DECODING_METADATA Decode metadata failed, shutting down decoder: file /builds/worker/checkouts/gecko/dom/media/MediaDecoderStateMachine.cpp:366
[Child 17020, MediaDecoderStateMachine #1] WARNING: Decoder=137bcf56400 Decode error: NS_ERROR_DOM_MEDIA_METADATA_ERR (0x806e0006) - static MP4Metadata::ResultAndByteBuffer __cdecl mozilla::MP4Metadata::Metadata(mozilla::ByteStream *): Cannot parse metadata: file /builds/worker/checkouts/gecko/dom/media/MediaDecoderStateMachine.cpp:3562
1668745770596	Marionette	INFO	Stopped listening on port 59400

###!!! [Parent][RunMessage] Error: Channel closing: too late to send/recv, messages will be lost

